<?xml version="1.0" encoding="UTF-8"?>
<!-- Generated by org.testng.reporters.JUnitReportReporter -->
<testsuite hostname="Abhishek-PC" failures="0" tests="1" name="com.actitime.testscript.CustomerModule" time="22.536" errors="0" timestamp="2023-09-16T17:42:26 IST" skipped="0">
  <testcase classname="com.actitime.testscript.CustomerModule" name="testCreateCustomer" time="22.536">
    <system-out>
      <![CDATA[Create Customer]]>
    </system-out>
  </testcase> <!-- testCreateCustomer -->
  <system-out>
    <![CDATA[Open Browser
Login
Create Customer
Logout
Close Browser]]>
  </system-out>
</testsuite> <!-- com.actitime.testscript.CustomerModule -->
