<?xml version="1.0" encoding="UTF-8"?>
<!-- Generated by org.testng.reporters.JUnitReportReporter -->
<testsuite hostname="Abhishek-PC" failures="0" tests="6" name="com.actitime.testscript.TestNgDemo" time="52.628" errors="0" timestamp="2023-08-03T14:03:28 IST" skipped="0">
  <testcase classname="com.actitime.testscript.TestNgDemo" name="exampleAnotation" time="4.782">
    <system-out>
      <![CDATA[Open in Login PAge]]>
    </system-out>
  </testcase> <!-- exampleAnotation -->
  <testcase classname="com.actitime.testscript.TestNgDemo" name="exampleZomato" time="5.462">
    <system-out>
      <![CDATA[Open zomato]]>
    </system-out>
  </testcase> <!-- exampleZomato -->
  <testcase classname="com.actitime.testscript.TestNgDemo" name="exampleZomato" time="6.094">
    <system-out>
      <![CDATA[Open zomato]]>
    </system-out>
  </testcase> <!-- exampleZomato -->
  <testcase classname="com.actitime.testscript.TestNgDemo" name="exampleFoodpanda" time="14.113">
    <system-out>
      <![CDATA[food panda]]>
    </system-out>
  </testcase> <!-- exampleFoodpanda -->
  <testcase classname="com.actitime.testscript.TestNgDemo" name="exampleFoodpanda" time="8.752">
    <system-out>
      <![CDATA[food panda]]>
    </system-out>
  </testcase> <!-- exampleFoodpanda -->
  <testcase classname="com.actitime.testscript.TestNgDemo" name="exampleFoodpanda" time="13.425">
    <system-out>
      <![CDATA[food panda]]>
    </system-out>
  </testcase> <!-- exampleFoodpanda -->
  <system-out>
    <![CDATA[Open in Login PAge
Open zomato
Open zomato
food panda
food panda
food panda]]>
  </system-out>
</testsuite> <!-- com.actitime.testscript.TestNgDemo -->
